# JRE version: OpenJDK Runtime Environment (8.0_202-b03) (build 1.8.0_202-release-1483-b03)
# Java VM: OpenJDK 64-Bit Server VM (25.202-b03 mixed mode windows-amd64 compressed oops)
Heap:
 PSYoungGen      total 240640K, used 59911K [0x00000000e0000000, 0x00000000f2e00000, 0x0000000100000000)
  eden space 205824K, 29% used [0x00000000e0000000,0x00000000e3a81c98,0x00000000ec900000)
  from space 34816K, 0% used [0x00000000f0c00000,0x00000000f0c00000,0x00000000f2e00000)
  to   space 31232K, 0% used [0x00000000ec900000,0x00000000ec900000,0x00000000ee780000)
 ParOldGen       total 135168K, used 75315K [0x00000000a0000000, 0x00000000a8400000, 0x00000000e0000000)
  object space 135168K, 55% used [0x00000000a0000000,0x00000000a498cf60,0x00000000a8400000)
 Metaspace       used 81923K, capacity 84334K, committed 84568K, reserved 1122304K
  class space    used 10502K, capacity 11015K, committed 11136K, reserved 1048576K
GC Heap History (10 events):
Event: 45.122 GC heap before
{Heap before GC invocations=17 (full 3):
 PSYoungGen      total 200704K, used 197921K [0x00000000e0000000, 0x00000000efb80000, 0x0000000100000000)
  eden space 181760K, 99% used [0x00000000e0000000,0x00000000eb107e78,0x00000000eb180000)
  from space 18944K, 87% used [0x00000000eb180000,0x00000000ec1c05f8,0x00000000ec400000)
  to   space 20480K, 0% used [0x00000000ee780000,0x00000000ee780000,0x00000000efb80000)
 ParOldGen       total 135168K, used 34545K [0x00000000a0000000, 0x00000000a8400000, 0x00000000e0000000)
  object space 135168K, 25% used [0x00000000a0000000,0x00000000a21bc530,0x00000000a8400000)
 Metaspace       used 65786K, capacity 67784K, committed 67928K, reserved 1107968K
  class space    used 8608K, capacity 9072K, committed 9088K, reserved 1048576K
Event: 45.199 GC heap after
Heap after GC invocations=17 (full 3):
 PSYoungGen      total 226304K, used 20468K [0x00000000e0000000, 0x00000000f1000000, 0x0000000100000000)
  eden space 205824K, 0% used [0x00000000e0000000,0x00000000e0000000,0x00000000ec900000)
  from space 20480K, 99% used [0x00000000ee780000,0x00000000efb7d188,0x00000000efb80000)
  to   space 31232K, 0% used [0x00000000ec900000,0x00000000ec900000,0x00000000ee780000)
 ParOldGen       total 135168K, used 54941K [0x00000000a0000000, 0x00000000a8400000, 0x00000000e0000000)
  object space 135168K, 40% used [0x00000000a0000000,0x00000000a35a74e0,0x00000000a8400000)
 Metaspace       used 65786K, capacity 67784K, committed 67928K, reserved 1107968K
  class space    used 8608K, capacity 9072K, committed 9088K, reserved 1048576K
}
Event: 64.598 GC heap before
{Heap before GC invocations=18 (full 3):
 PSYoungGen      total 226304K, used 226292K [0x00000000e0000000, 0x00000000f1000000, 0x0000000100000000)
  eden space 205824K, 100% used [0x00000000e0000000,0x00000000ec900000,0x00000000ec900000)
  from space 20480K, 99% used [0x00000000ee780000,0x00000000efb7d188,0x00000000efb80000)
  to   space 31232K, 0% used [0x00000000ec900000,0x00000000ec900000,0x00000000ee780000)
 ParOldGen       total 135168K, used 54941K [0x00000000a0000000, 0x00000000a8400000, 0x00000000e0000000)
  object space 135168K, 40% used [0x00000000a0000000,0x00000000a35a74e0,0x00000000a8400000)
 Metaspace       used 72578K, capacity 74720K, committed 74968K, reserved 1114112K
  class space    used 9431K, capacity 9909K, committed 9984K, reserved 1048576K
Event: 64.672 GC heap after
Heap after GC invocations=18 (full 3):
 PSYoungGen      total 237056K, used 27080K [0x00000000e0000000, 0x00000000f2e00000, 0x0000000100000000)
  eden space 205824K, 0% used [0x00000000e0000000,0x00000000e0000000,0x00000000ec900000)
  from space 31232K, 86% used [0x00000000ec900000,0x00000000ee3722f8,0x00000000ee780000)
  to   space 34816K, 0% used [0x00000000f0c00000,0x00000000f0c00000,0x00000000f2e00000)
 ParOldGen       total 135168K, used 72719K [0x00000000a0000000, 0x00000000a8400000, 0x00000000e0000000)
  object space 135168K, 53% used [0x00000000a0000000,0x00000000a4703e70,0x00000000a8400000)
 Metaspace       used 72578K, capacity 74720K, committed 74968K, reserved 1114112K
  class space    used 9431K, capacity 9909K, committed 9984K, reserved 1048576K
}
Event: 67.563 GC heap before
{Heap before GC invocations=19 (full 3):
 PSYoungGen      total 237056K, used 232904K [0x00000000e0000000, 0x00000000f2e00000, 0x0000000100000000)
  eden space 205824K, 100% used [0x00000000e0000000,0x00000000ec900000,0x00000000ec900000)
  from space 31232K, 86% used [0x00000000ec900000,0x00000000ee3722f8,0x00000000ee780000)
  to   space 34816K, 0% used [0x00000000f0c00000,0x00000000f0c00000,0x00000000f2e00000)
 ParOldGen       total 135168K, used 72719K [0x00000000a0000000, 0x00000000a8400000, 0x00000000e0000000)
  object space 135168K, 53% used [0x00000000a0000000,0x00000000a4703e70,0x00000000a8400000)
 Metaspace       used 74869K, capacity 77034K, committed 77144K, reserved 1116160K
  class space    used 9582K, capacity 10107K, committed 10112K, reserved 1048576K
Event: 67.717 GC heap after
Heap after GC invocations=19 (full 3):
 PSYoungGen      total 240640K, used 34812K [0x00000000e0000000, 0x00000000f2e00000, 0x0000000100000000)
  eden space 205824K, 0% used [0x00000000e0000000,0x00000000e0000000,0x00000000ec900000)
  from space 34816K, 99% used [0x00000000f0c00000,0x00000000f2dff058,0x00000000f2e00000)
  to   space 31232K, 0% used [0x00000000ec900000,0x00000000ec900000,0x00000000ee780000)
 ParOldGen       total 135168K, used 113599K [0x00000000a0000000, 0x00000000a8400000, 0x00000000e0000000)
  object space 135168K, 84% used [0x00000000a0000000,0x00000000a6eeff00,0x00000000a8400000)
 Metaspace       used 74869K, capacity 77034K, committed 77144K, reserved 1116160K
  class space    used 9582K, capacity 10107K, committed 10112K, reserved 1048576K
}
Event: 67.717 GC heap before
{Heap before GC invocations=20 (full 4):
 PSYoungGen      total 240640K, used 34812K [0x00000000e0000000, 0x00000000f2e00000, 0x0000000100000000)
  eden space 205824K, 0% used [0x00000000e0000000,0x00000000e0000000,0x00000000ec900000)
  from space 34816K, 99% used [0x00000000f0c00000,0x00000000f2dff058,0x00000000f2e00000)
  to   space 31232K, 0% used [0x00000000ec900000,0x00000000ec900000,0x00000000ee780000)
 ParOldGen       total 135168K, used 113599K [0x00000000a0000000, 0x00000000a8400000, 0x00000000e0000000)
  object space 135168K, 84% used [0x00000000a0000000,0x00000000a6eeff00,0x00000000a8400000)
 Metaspace       used 74869K, capacity 77034K, committed 77144K, reserved 1116160K
  class space    used 9582K, capacity 10107K, committed 10112K, reserved 1048576K
Event: 68.406 GC heap after
Heap after GC invocations=20 (full 4):
 PSYoungGen      total 240640K, used 0K [0x00000000e0000000, 0x00000000f2e00000, 0x0000000100000000)
  eden space 205824K, 0% used [0x00000000e0000000,0x00000000e0000000,0x00000000ec900000)
  from space 34816K, 0% used [0x00000000f0c00000,0x00000000f0c00000,0x00000000f2e00000)
  to   space 31232K, 0% used [0x00000000ec900000,0x00000000ec900000,0x00000000ee780000)
 ParOldGen       total 135168K, used 120529K [0x00000000a0000000, 0x00000000a8400000, 0x00000000e0000000)
  object space 135168K, 89% used [0x00000000a0000000,0x00000000a75b45c0,0x00000000a8400000)
 Metaspace       used 74820K, capacity 76890K, committed 77144K, reserved 1116160K
  class space    used 9566K, capacity 10079K, committed 10112K, reserved 1048576K
}
Event: 74.397 GC heap before
{Heap before GC invocations=21 (full 5):
 PSYoungGen      total 240640K, used 205824K [0x00000000e0000000, 0x00000000f2e00000, 0x0000000100000000)
  eden space 205824K, 100% used [0x00000000e0000000,0x00000000ec900000,0x00000000ec900000)
  from space 34816K, 0% used [0x00000000f0c00000,0x00000000f0c00000,0x00000000f2e00000)
  to   space 31232K, 0% used [0x00000000ec900000,0x00000000ec900000,0x00000000ee780000)
 ParOldGen       total 135168K, used 120529K [0x00000000a0000000, 0x00000000a8400000, 0x00000000e0000000)
  object space 135168K, 89% used [0x00000000a0000000,0x00000000a75b45c0,0x00000000a8400000)
 Metaspace       used 80941K, capacity 83372K, committed 83672K, reserved 1122304K
  class space    used 10430K, capacity 10954K, committed 11008K, reserved 1048576K
Event: 74.647 GC heap after
Heap after GC invocations=21 (full 5):
 PSYoungGen      total 240640K, used 0K [0x00000000e0000000, 0x00000000f2e00000, 0x0000000100000000)
  eden space 205824K, 0% used [0x00000000e0000000,0x00000000e0000000,0x00000000ec900000)
  from space 34816K, 0% used [0x00000000f0c00000,0x00000000f0c00000,0x00000000f2e00000)
  to   space 31232K, 0% used [0x00000000ec900000,0x00000000ec900000,0x00000000ee780000)
 ParOldGen       total 135168K, used 75315K [0x00000000a0000000, 0x00000000a8400000, 0x00000000e0000000)
  object space 135168K, 55% used [0x00000000a0000000,0x00000000a498cf60,0x00000000a8400000)
 Metaspace       used 80690K, capacity 83068K, committed 83672K, reserved 1122304K
  class space    used 10408K, capacity 10914K, committed 11008K, reserved 1048576K
}

