# JRE version: OpenJDK Runtime Environment (8.0_202-b03) (build 1.8.0_202-release-1483-b03)
# Java VM: OpenJDK 64-Bit Server VM (25.202-b03 mixed mode windows-amd64 compressed oops)
Heap:
 PSYoungGen      total 226304K, used 29667K [0x00000000e0000000, 0x00000000ef300000, 0x0000000100000000)
  eden space 206336K, 5% used [0x00000000e0000000,0x00000000e0bfb5d0,0x00000000ec980000)
  from space 19968K, 87% used [0x00000000ec980000,0x00000000eda7d7a8,0x00000000edd00000)
  to   space 19968K, 0% used [0x00000000edd00000,0x00000000edd00000,0x00000000ef080000)
 ParOldGen       total 122368K, used 34431K [0x00000000a0000000, 0x00000000a7780000, 0x00000000e0000000)
  object space 122368K, 28% used [0x00000000a0000000,0x00000000a219ff68,0x00000000a7780000)
 Metaspace       used 67105K, capacity 69128K, committed 69208K, reserved 1110016K
  class space    used 8786K, capacity 9284K, committed 9344K, reserved 1048576K
GC Heap History (10 events):
Event: 34.217 GC heap before
{Heap before GC invocations=12 (full 2):
 PSYoungGen      total 125952K, used 115200K [0x00000000e0000000, 0x00000000eb600000, 0x0000000100000000)
  eden space 115200K, 100% used [0x00000000e0000000,0x00000000e7080000,0x00000000e7080000)
  from space 10752K, 0% used [0x00000000e7080000,0x00000000e7080000,0x00000000e7b00000)
  to   space 11776K, 0% used [0x00000000eaa80000,0x00000000eaa80000,0x00000000eb600000)
 ParOldGen       total 79360K, used 17651K [0x00000000a0000000, 0x00000000a4d80000, 0x00000000e0000000)
  object space 79360K, 22% used [0x00000000a0000000,0x00000000a113ce50,0x00000000a4d80000)
 Metaspace       used 45433K, capacity 46298K, committed 46552K, reserved 1089536K
  class space    used 6120K, capacity 6372K, committed 6400K, reserved 1048576K
Event: 34.239 GC heap after
Heap after GC invocations=12 (full 2):
 PSYoungGen      total 165888K, used 11768K [0x00000000e0000000, 0x00000000eb600000, 0x0000000100000000)
  eden space 154112K, 0% used [0x00000000e0000000,0x00000000e0000000,0x00000000e9680000)
  from space 11776K, 99% used [0x00000000eaa80000,0x00000000eb5fe288,0x00000000eb600000)
  to   space 14336K, 0% used [0x00000000e9a00000,0x00000000e9a00000,0x00000000ea800000)
 ParOldGen       total 79360K, used 20921K [0x00000000a0000000, 0x00000000a4d80000, 0x00000000e0000000)
  object space 79360K, 26% used [0x00000000a0000000,0x00000000a146e608,0x00000000a4d80000)
 Metaspace       used 45433K, capacity 46298K, committed 46552K, reserved 1089536K
  class space    used 6120K, capacity 6372K, committed 6400K, reserved 1048576K
}
Event: 46.267 GC heap before
{Heap before GC invocations=13 (full 2):
 PSYoungGen      total 165888K, used 165880K [0x00000000e0000000, 0x00000000eb600000, 0x0000000100000000)
  eden space 154112K, 100% used [0x00000000e0000000,0x00000000e9680000,0x00000000e9680000)
  from space 11776K, 99% used [0x00000000eaa80000,0x00000000eb5fe288,0x00000000eb600000)
  to   space 14336K, 0% used [0x00000000e9a00000,0x00000000e9a00000,0x00000000ea800000)
 ParOldGen       total 79360K, used 20921K [0x00000000a0000000, 0x00000000a4d80000, 0x00000000e0000000)
  object space 79360K, 26% used [0x00000000a0000000,0x00000000a146e608,0x00000000a4d80000)
 Metaspace       used 55879K, capacity 57448K, committed 57688K, reserved 1099776K
  class space    used 7576K, capacity 7976K, committed 8064K, reserved 1048576K
Event: 46.411 GC heap after
Heap after GC invocations=13 (full 2):
 PSYoungGen      total 172032K, used 14332K [0x00000000e0000000, 0x00000000ef080000, 0x0000000100000000)
  eden space 157696K, 0% used [0x00000000e0000000,0x00000000e0000000,0x00000000e9a00000)
  from space 14336K, 99% used [0x00000000e9a00000,0x00000000ea7ff248,0x00000000ea800000)
  to   space 19968K, 0% used [0x00000000edd00000,0x00000000edd00000,0x00000000ef080000)
 ParOldGen       total 79360K, used 31300K [0x00000000a0000000, 0x00000000a4d80000, 0x00000000e0000000)
  object space 79360K, 39% used [0x00000000a0000000,0x00000000a1e911d8,0x00000000a4d80000)
 Metaspace       used 55879K, capacity 57448K, committed 57688K, reserved 1099776K
  class space    used 7576K, capacity 7976K, committed 8064K, reserved 1048576K
}
Event: 50.579 GC heap before
{Heap before GC invocations=14 (full 2):
 PSYoungGen      total 172032K, used 36300K [0x00000000e0000000, 0x00000000ef080000, 0x0000000100000000)
  eden space 157696K, 13% used [0x00000000e0000000,0x00000000e15740c0,0x00000000e9a00000)
  from space 14336K, 99% used [0x00000000e9a00000,0x00000000ea7ff248,0x00000000ea800000)
  to   space 19968K, 0% used [0x00000000edd00000,0x00000000edd00000,0x00000000ef080000)
 ParOldGen       total 79360K, used 31300K [0x00000000a0000000, 0x00000000a4d80000, 0x00000000e0000000)
  object space 79360K, 39% used [0x00000000a0000000,0x00000000a1e911d8,0x00000000a4d80000)
 Metaspace       used 57335K, capacity 58898K, committed 59028K, reserved 1099776K
  class space    used 7709K, capacity 8109K, committed 8192K, reserved 1048576K
Event: 50.611 GC heap after
Heap after GC invocations=14 (full 2):
 PSYoungGen      total 226304K, used 2650K [0x00000000e0000000, 0x00000000ef300000, 0x0000000100000000)
  eden space 206336K, 0% used [0x00000000e0000000,0x00000000e0000000,0x00000000ec980000)
  from space 19968K, 13% used [0x00000000edd00000,0x00000000edf96888,0x00000000ef080000)
  to   space 19968K, 0% used [0x00000000ec980000,0x00000000ec980000,0x00000000edd00000)
 ParOldGen       total 79360K, used 40870K [0x00000000a0000000, 0x00000000a4d80000, 0x00000000e0000000)
  object space 79360K, 51% used [0x00000000a0000000,0x00000000a27e9868,0x00000000a4d80000)
 Metaspace       used 57335K, capacity 58898K, committed 59028K, reserved 1099776K
  class space    used 7709K, capacity 8109K, committed 8192K, reserved 1048576K
}
Event: 50.611 GC heap before
{Heap before GC invocations=15 (full 3):
 PSYoungGen      total 226304K, used 2650K [0x00000000e0000000, 0x00000000ef300000, 0x0000000100000000)
  eden space 206336K, 0% used [0x00000000e0000000,0x00000000e0000000,0x00000000ec980000)
  from space 19968K, 13% used [0x00000000edd00000,0x00000000edf96888,0x00000000ef080000)
  to   space 19968K, 0% used [0x00000000ec980000,0x00000000ec980000,0x00000000edd00000)
 ParOldGen       total 79360K, used 40870K [0x00000000a0000000, 0x00000000a4d80000, 0x00000000e0000000)
  object space 79360K, 51% used [0x00000000a0000000,0x00000000a27e9868,0x00000000a4d80000)
 Metaspace       used 57335K, capacity 58898K, committed 59028K, reserved 1099776K
  class space    used 7709K, capacity 8109K, committed 8192K, reserved 1048576K
Event: 51.161 GC heap after
Heap after GC invocations=15 (full 3):
 PSYoungGen      total 226304K, used 0K [0x00000000e0000000, 0x00000000ef300000, 0x0000000100000000)
  eden space 206336K, 0% used [0x00000000e0000000,0x00000000e0000000,0x00000000ec980000)
  from space 19968K, 0% used [0x00000000edd00000,0x00000000edd00000,0x00000000ef080000)
  to   space 19968K, 0% used [0x00000000ec980000,0x00000000ec980000,0x00000000edd00000)
 ParOldGen       total 122368K, used 34423K [0x00000000a0000000, 0x00000000a7780000, 0x00000000e0000000)
  object space 122368K, 28% used [0x00000000a0000000,0x00000000a219df68,0x00000000a7780000)
 Metaspace       used 57335K, capacity 58898K, committed 59028K, reserved 1099776K
  class space    used 7709K, capacity 8109K, committed 8192K, reserved 1048576K
}
Event: 379.529 GC heap before
{Heap before GC invocations=16 (full 3):
 PSYoungGen      total 226304K, used 206336K [0x00000000e0000000, 0x00000000ef300000, 0x0000000100000000)
  eden space 206336K, 100% used [0x00000000e0000000,0x00000000ec980000,0x00000000ec980000)
  from space 19968K, 0% used [0x00000000edd00000,0x00000000edd00000,0x00000000ef080000)
  to   space 19968K, 0% used [0x00000000ec980000,0x00000000ec980000,0x00000000edd00000)
 ParOldGen       total 122368K, used 34423K [0x00000000a0000000, 0x00000000a7780000, 0x00000000e0000000)
  object space 122368K, 28% used [0x00000000a0000000,0x00000000a219df68,0x00000000a7780000)
 Metaspace       used 66845K, capacity 68862K, committed 69208K, reserved 1110016K
  class space    used 8759K, capacity 9245K, committed 9344K, reserved 1048576K
Event: 379.560 GC heap after
Heap after GC invocations=16 (full 3):
 PSYoungGen      total 226304K, used 17397K [0x00000000e0000000, 0x00000000ef300000, 0x0000000100000000)
  eden space 206336K, 0% used [0x00000000e0000000,0x00000000e0000000,0x00000000ec980000)
  from space 19968K, 87% used [0x00000000ec980000,0x00000000eda7d7a8,0x00000000edd00000)
  to   space 19968K, 0% used [0x00000000edd00000,0x00000000edd00000,0x00000000ef080000)
 ParOldGen       total 122368K, used 34431K [0x00000000a0000000, 0x00000000a7780000, 0x00000000e0000000)
  object space 122368K, 28% used [0x00000000a0000000,0x00000000a219ff68,0x00000000a7780000)
 Metaspace       used 66845K, capacity 68862K, committed 69208K, reserved 1110016K
  class space    used 8759K, capacity 9245K, committed 9344K, reserved 1048576K
}

